Arguments: 
  C:\Program Files\nodejs\node.exe C:\Program Files\nodejs\node_modules\yarn\bin\yarn.js add react-spring

PATH: 
  C:\Program Files (x86)\VMware\VMware Workstation\bin\;C:\Program Files\Microsoft MPI\Bin\;C:\Program Files (x86)\Intel\Intel(R) Management Engine Components\iCLS\;C:\Program Files\Intel\Intel(R) Management Engine Components\iCLS\;C:\WINDOWS\system32;C:\WINDOWS;C:\WINDOWS\System32\Wbem;C:\WINDOWS\System32\WindowsPowerShell\v1.0\;C:\WINDOWS\System32\OpenSSH\;C:\Program Files (x86)\Intel\Intel(R) Management Engine Components\DAL;C:\Program Files\Intel\Intel(R) Management Engine Components\DAL;C:\Program Files (x86)\Intel\Intel(R) Management Engine Components\IPT;C:\Program Files\Intel\Intel(R) Management Engine Components\IPT;C:\Program Files\Cloudflare\Cloudflare WARP;C:\Program Files (x86)\Microsoft SQL Server\150\Tools\Binn\;C:\Program Files\Microsoft SQL Server\150\Tools\Binn\;C:\Program Files (x86)\Microsoft SQL Server\150\DTS\Binn\;C:\Program Files\Microsoft SQL Server\150\DTS\Binn\;C:\Program Files\Microsoft SQL Server\Client SDK\ODBC\170\Tools\Binn\;C:\Program Files\Microsoft SQL Server\130\Tools\Binn\;C:\Program Files\dotnet\;C:\Program Files\Cloudflare\Cloudflare WARP\;C:\MinGW\bin;C:\ProgramData\ComposerSetup\bin;%NVM_HOME%;%NVM_SYMLINK%;C:\WINDOWS\system32;C:\WINDOWS;C:\WINDOWS\System32\Wbem;C:\WINDOWS\System32\WindowsPowerShell\v1.0\;C:\WINDOWS\System32\OpenSSH\;C:\Program Files\Git\cmd;C:\Users\lhuy0\AppData\Local\Microsoft\WindowsApps;C:\xampp\php;C:\Users\lhuy0\composer;C:\Users\lhuy0\AppData\Roaming\Composer\vendor\bin;C:\Program Files\Azure Data Studio\bin;C:\Users\lhuy0\AppData\Local\Programs\Microsoft VS Code\bin;C:\Users\lhuy0\AppData\Local\Programs\Fiddler;C:\Users\lhuy0\AppData\Roaming\npm;C:\Users\lhuy0\AppData\Roaming\nvm;C:\Program Files\nodejs;C:\Users\lhuy0\AppData\Local\Microsoft\WindowsApps;

Yarn version: 
  1.22.19

Node version: 
  18.6.0

Platform: 
  win32 x64

Trace: 
  Error: https://registry.yarnpkg.com/@ant-design/icons/-/icons-5.1.4.tgz: ESOCKETTIMEDOUT
      at ClientRequest.<anonymous> (C:\Users\lhuy0\AppData\Roaming\nvm\v18.6.0\node_modules\yarn\lib\cli.js:141517:19)
      at Object.onceWrapper (node:events:627:28)
      at ClientRequest.emit (node:events:513:28)
      at TLSSocket.emitRequestTimeout (node:_http_client:813:9)
      at Object.onceWrapper (node:events:627:28)
      at TLSSocket.emit (node:events:525:35)
      at Socket._onTimeout (node:net:526:8)
      at listOnTimeout (node:internal/timers:564:17)
      at process.processTimers (node:internal/timers:507:7)

npm manifest: 
  {
  
    "name": "book",
    "version": "0.1.0",
    "private": true,
    "engines": {
      "node": "18.6.0"
    },
    "dependencies": {
      "@ant-design/icons": "^5.0.1",
      "@emotion/react": "^11.11.0",
      "@emotion/styled": "^11.11.0",
      "@fortawesome/free-solid-svg-icons": "^6.4.0",
      "@fortawesome/react-fontawesome": "^0.2.0",
      "@mui/material": "^5.13.1",
      "@reduxjs/toolkit": "^1.9.5",
      "@testing-library/jest-dom": "^5.16.5",
      "@testing-library/react": "^13.4.0",
      "@testing-library/user-event": "^13.5.0",
      "antd": "^5.4.6",
      "axios": "^1.4.0",
      "jquery": "^3.7.0",
      "js-cookie": "^3.0.5",
      "moment": "^2.29.4",
      "peerjs": "^1.4.7",
      "react": "^18.2.0",
      "react-dom": "^18.2.0",
      "react-modal": "^3.16.1",
      "react-redux": "^8.0.5",
      "react-router-dom": "^6.11.0",
      "react-scripts": "5.0.1",
      "react-share": "^4.4.1",
      "redux": "^4.2.1",
      "redux-devtools-extension": "^2.13.9",
      "redux-thunk": "^2.4.2",
      "socket.io-client": "^4.6.1",
      "tailwindcss": "^3.3.2",
      "web-vitals": "^2.1.4"
    },
    "scripts": {
      "start": "react-scripts start",
      "build": "react-scripts build",
      "test": "react-scripts test",
      "eject": "react-scripts eject"
    },
    "eslintConfig": {
      "extends": [
        "react-app",
        "react-app/jest"
      ]
    },
    "browserslist": {
      "production": [
        ">0.2%",
        "not dead",
        "not op_mini all"
      ],
      "development": [
        "last 1 chrome version",
        "last 1 firefox version",
        "last 1 safari version"
      ]
    }
  }

yarn manifest: 
  No manifest

Lockfile: 
  No lockfile
